<?xml version="1.0" encoding="UTF-8"?>
<!-- Generated by org.testng.reporters.JUnitXMLReporter -->
<testsuite hostname="DESKTOP-IBMUE85" ignored="1" name="Default test" tests="1" failures="0" timestamp="01 Nov 2020 05:08:05 GMT" time="3.685" errors="0">
  <testcase name="dataProviderExample" time="0.009" classname="testNJGConcepts.TestNGDataDrivenConcepts"/>
  <testcase name="parametersExample" time="0.0" classname="testNJGConcepts.TestNGDataDrivenConcepts">
    <ignored/>
  </testcase> <!-- parametersExample -->
</testsuite> <!-- Default test -->
