<?xml version="1.0" encoding="UTF-8"?>
<testng-results skipped="0" failed="0" ignored="1" total="2" passed="1">
  <reporter-output>
  </reporter-output>
  <suite name="Default suite" duration-ms="3685" started-at="2020-11-01T05:08:02Z" finished-at="2020-11-01T05:08:05Z">
    <groups>
    </groups>
    <test name="Default test" duration-ms="3685" started-at="2020-11-01T05:08:02Z" finished-at="2020-11-01T05:08:05Z">
      <class name="testNJGConcepts.TestNGDataDrivenConcepts">
        <test-method status="PASS" signature="dataProviderExample(java.lang.String, java.lang.String, java.lang.String, java.lang.String)[pri:0, instance:testNJGConcepts.TestNGDataDrivenConcepts@6767c1fc]" name="dataProviderExample" duration-ms="9" started-at="2020-11-01T05:08:05Z" data-provider="getData" finished-at="2020-11-01T05:08:05Z">
          <params>
            <param index="0">
              <value>
                <![CDATA[Ahmad]]>
              </value>
            </param>
            <param index="1">
              <value>
                <![CDATA[Jaan]]>
              </value>
            </param>
            <param index="2">
              <value>
                <![CDATA[ahmad.jaan@gmail.com]]>
              </value>
            </param>
            <param index="3">
              <value>
                <![CDATA[Welcome1]]>
              </value>
            </param>
          </params>
          <reporter-output>
          </reporter-output>
        </test-method> <!-- dataProviderExample -->
      </class> <!-- testNJGConcepts.TestNGDataDrivenConcepts -->
    </test> <!-- Default test -->
  </suite> <!-- Default suite -->
</testng-results>
